#! /usr/local/iverilog/bin/vvp
:ivl_version "11.0 (devel)" "(s20150603-612-ga9388a89)";
:ivl_delay_selection "TYPICAL";
:vpi_time_precision + 0;
:vpi_module "system";
:vpi_module "vhdl_sys";
:vpi_module "vhdl_textio";
:vpi_module "v2005_math";
:vpi_module "va_math";
S_00000000028000d0 .scope module, "tb" "tb" 2 1;
 .timescale 0 0;
v00000000028975d0_0 .var "i", 15 0;
v0000000002897990_0 .net "o", 4 0, L_000000000289dfb0;  1 drivers
S_0000000002800260 .scope module, "uut" "count_ones" 2 12, 3 31 0, S_00000000028000d0;
 .timescale 0 0;
    .port_info 0 /INPUT 16 "i";
    .port_info 1 /OUTPUT 5 "o";
v00000000028956f0_0 .net "i", 15 0, v00000000028975d0_0;  1 drivers
v0000000002898f70_0 .net "o", 4 0, L_000000000289dfb0;  alias, 1 drivers
v00000000028986b0_0 .net "s1", 1 0, L_0000000002898430;  1 drivers
v0000000002898890_0 .net "s2", 1 0, L_0000000002898750;  1 drivers
v00000000028981b0_0 .net "s3", 1 0, L_0000000002898070;  1 drivers
v0000000002898e30_0 .net "s4", 1 0, L_0000000002899290;  1 drivers
v00000000028982f0_0 .net "s5", 1 0, L_0000000002897c10;  1 drivers
v0000000002899150_0 .net "s6", 2 0, L_0000000002898570;  1 drivers
v00000000028991f0_0 .net "s7", 2 0, L_0000000002898b10;  1 drivers
v0000000002898390_0 .net "s8", 3 0, L_000000000289f810;  1 drivers
L_0000000002898930 .part v00000000028975d0_0, 0, 1;
L_0000000002897710 .part v00000000028975d0_0, 1, 1;
L_0000000002898ed0 .part v00000000028975d0_0, 2, 1;
L_0000000002897a30 .part v00000000028975d0_0, 3, 1;
L_0000000002897850 .part v00000000028975d0_0, 4, 1;
L_0000000002898cf0 .part v00000000028975d0_0, 5, 1;
L_0000000002899010 .part v00000000028975d0_0, 6, 1;
L_00000000028989d0 .part v00000000028975d0_0, 7, 1;
L_00000000028977b0 .part v00000000028975d0_0, 8, 1;
L_00000000028978f0 .part v00000000028975d0_0, 9, 1;
L_00000000028990b0 .part v00000000028975d0_0, 10, 1;
L_0000000002897ad0 .part v00000000028975d0_0, 11, 1;
L_0000000002897b70 .part v00000000028975d0_0, 12, 1;
L_0000000002899330 .part v00000000028975d0_0, 13, 1;
L_0000000002897cb0 .part v00000000028975d0_0, 14, 1;
L_0000000002898d90 .part v00000000028975d0_0, 15, 1;
S_00000000027fb3e0 .scope module, "a1" "add1" 3 35, 3 1 0, S_0000000002800260;
 .timescale 0 0;
    .port_info 0 /INPUT 1 "i1";
    .port_info 1 /INPUT 1 "i2";
    .port_info 2 /INPUT 1 "cin";
    .port_info 3 /OUTPUT 2 "o";
L_0000000002827540 .functor XOR 1, L_0000000002898930, L_0000000002897710, C4<0>, C4<0>;
L_00000000028997a0 .functor XOR 1, L_0000000002827540, L_0000000002898ed0, C4<0>, C4<0>;
L_0000000002899810 .functor XOR 1, L_0000000002898930, L_0000000002897710, C4<0>, C4<0>;
L_000000000289a220 .functor AND 1, L_0000000002899810, L_0000000002898ed0, C4<1>, C4<1>;
L_00000000028996c0 .functor AND 1, L_0000000002898930, L_0000000002897710, C4<1>, C4<1>;
L_00000000028995e0 .functor OR 1, L_000000000289a220, L_00000000028996c0, C4<0>, C4<0>;
v000000000282c970_0 .net *"_s11", 0 0, L_000000000289a220;  1 drivers
v000000000282ca10_0 .net *"_s13", 0 0, L_00000000028996c0;  1 drivers
v000000000282c1f0_0 .net *"_s15", 0 0, L_00000000028995e0;  1 drivers
v000000000282cab0_0 .net *"_s2", 0 0, L_0000000002827540;  1 drivers
v000000000282c290_0 .net *"_s4", 0 0, L_00000000028997a0;  1 drivers
v000000000282c330_0 .net *"_s9", 0 0, L_0000000002899810;  1 drivers
v000000000282d050_0 .net "cin", 0 0, L_0000000002898ed0;  1 drivers
v000000000282c3d0_0 .net "i1", 0 0, L_0000000002898930;  1 drivers
v000000000282cd30_0 .net "i2", 0 0, L_0000000002897710;  1 drivers
v000000000282c510_0 .net "o", 1 0, L_0000000002898430;  alias, 1 drivers
L_0000000002898430 .concat8 [ 1 1 0 0], L_00000000028997a0, L_00000000028995e0;
S_00000000027fb570 .scope module, "a2" "add1" 3 36, 3 1 0, S_0000000002800260;
 .timescale 0 0;
    .port_info 0 /INPUT 1 "i1";
    .port_info 1 /INPUT 1 "i2";
    .port_info 2 /INPUT 1 "cin";
    .port_info 3 /OUTPUT 2 "o";
L_00000000028998f0 .functor XOR 1, L_0000000002897a30, L_0000000002897850, C4<0>, C4<0>;
L_000000000289a1b0 .functor XOR 1, L_00000000028998f0, L_0000000002898cf0, C4<0>, C4<0>;
L_000000000289a370 .functor XOR 1, L_0000000002897a30, L_0000000002897850, C4<0>, C4<0>;
L_000000000289a290 .functor AND 1, L_000000000289a370, L_0000000002898cf0, C4<1>, C4<1>;
L_0000000002899960 .functor AND 1, L_0000000002897a30, L_0000000002897850, C4<1>, C4<1>;
L_0000000002899b90 .functor OR 1, L_000000000289a290, L_0000000002899960, C4<0>, C4<0>;
v000000000282c5b0_0 .net *"_s11", 0 0, L_000000000289a290;  1 drivers
v000000000282d0f0_0 .net *"_s13", 0 0, L_0000000002899960;  1 drivers
v000000000282cbf0_0 .net *"_s15", 0 0, L_0000000002899b90;  1 drivers
v000000000282cc90_0 .net *"_s2", 0 0, L_00000000028998f0;  1 drivers
v000000000282cdd0_0 .net *"_s4", 0 0, L_000000000289a1b0;  1 drivers
v000000000288d4e0_0 .net *"_s9", 0 0, L_000000000289a370;  1 drivers
v000000000288dda0_0 .net "cin", 0 0, L_0000000002898cf0;  1 drivers
v000000000288ccc0_0 .net "i1", 0 0, L_0000000002897a30;  1 drivers
v000000000288e160_0 .net "i2", 0 0, L_0000000002897850;  1 drivers
v000000000288de40_0 .net "o", 1 0, L_0000000002898750;  alias, 1 drivers
L_0000000002898750 .concat8 [ 1 1 0 0], L_000000000289a1b0, L_0000000002899b90;
S_00000000008cda50 .scope module, "a3" "add1" 3 37, 3 1 0, S_0000000002800260;
 .timescale 0 0;
    .port_info 0 /INPUT 1 "i1";
    .port_info 1 /INPUT 1 "i2";
    .port_info 2 /INPUT 1 "cin";
    .port_info 3 /OUTPUT 2 "o";
L_000000000289a3e0 .functor XOR 1, L_0000000002899010, L_00000000028989d0, C4<0>, C4<0>;
L_0000000002899e30 .functor XOR 1, L_000000000289a3e0, L_00000000028977b0, C4<0>, C4<0>;
L_0000000002899730 .functor XOR 1, L_0000000002899010, L_00000000028989d0, C4<0>, C4<0>;
L_0000000002899880 .functor AND 1, L_0000000002899730, L_00000000028977b0, C4<1>, C4<1>;
L_0000000002899d50 .functor AND 1, L_0000000002899010, L_00000000028989d0, C4<1>, C4<1>;
L_00000000028999d0 .functor OR 1, L_0000000002899880, L_0000000002899d50, C4<0>, C4<0>;
v000000000288d300_0 .net *"_s11", 0 0, L_0000000002899880;  1 drivers
v000000000288d3a0_0 .net *"_s13", 0 0, L_0000000002899d50;  1 drivers
v000000000288cb80_0 .net *"_s15", 0 0, L_00000000028999d0;  1 drivers
v000000000288cd60_0 .net *"_s2", 0 0, L_000000000289a3e0;  1 drivers
v000000000288cc20_0 .net *"_s4", 0 0, L_0000000002899e30;  1 drivers
v000000000288d440_0 .net *"_s9", 0 0, L_0000000002899730;  1 drivers
v000000000288cae0_0 .net "cin", 0 0, L_00000000028977b0;  1 drivers
v000000000288ce00_0 .net "i1", 0 0, L_0000000002899010;  1 drivers
v000000000288c720_0 .net "i2", 0 0, L_00000000028989d0;  1 drivers
v000000000288d080_0 .net "o", 1 0, L_0000000002898070;  alias, 1 drivers
L_0000000002898070 .concat8 [ 1 1 0 0], L_0000000002899e30, L_00000000028999d0;
S_00000000008cdbe0 .scope module, "a4" "add1" 3 38, 3 1 0, S_0000000002800260;
 .timescale 0 0;
    .port_info 0 /INPUT 1 "i1";
    .port_info 1 /INPUT 1 "i2";
    .port_info 2 /INPUT 1 "cin";
    .port_info 3 /OUTPUT 2 "o";
L_0000000002899c00 .functor XOR 1, L_00000000028978f0, L_00000000028990b0, C4<0>, C4<0>;
L_000000000289a450 .functor XOR 1, L_0000000002899c00, L_0000000002897ad0, C4<0>, C4<0>;
L_0000000002899ce0 .functor XOR 1, L_00000000028978f0, L_00000000028990b0, C4<0>, C4<0>;
L_000000000289a4c0 .functor AND 1, L_0000000002899ce0, L_0000000002897ad0, C4<1>, C4<1>;
L_0000000002899c70 .functor AND 1, L_00000000028978f0, L_00000000028990b0, C4<1>, C4<1>;
L_0000000002899650 .functor OR 1, L_000000000289a4c0, L_0000000002899c70, C4<0>, C4<0>;
v000000000288c860_0 .net *"_s11", 0 0, L_000000000289a4c0;  1 drivers
v000000000288e200_0 .net *"_s13", 0 0, L_0000000002899c70;  1 drivers
v000000000288e480_0 .net *"_s15", 0 0, L_0000000002899650;  1 drivers
v000000000288db20_0 .net *"_s2", 0 0, L_0000000002899c00;  1 drivers
v000000000288d260_0 .net *"_s4", 0 0, L_000000000289a450;  1 drivers
v000000000288e340_0 .net *"_s9", 0 0, L_0000000002899ce0;  1 drivers
v000000000288e3e0_0 .net "cin", 0 0, L_0000000002897ad0;  1 drivers
v000000000288c900_0 .net "i1", 0 0, L_00000000028978f0;  1 drivers
v000000000288df80_0 .net "i2", 0 0, L_00000000028990b0;  1 drivers
v000000000288e020_0 .net "o", 1 0, L_0000000002899290;  alias, 1 drivers
L_0000000002899290 .concat8 [ 1 1 0 0], L_000000000289a450, L_0000000002899650;
S_00000000027f5600 .scope module, "a5" "add1" 3 39, 3 1 0, S_0000000002800260;
 .timescale 0 0;
    .port_info 0 /INPUT 1 "i1";
    .port_info 1 /INPUT 1 "i2";
    .port_info 2 /INPUT 1 "cin";
    .port_info 3 /OUTPUT 2 "o";
L_0000000002899a40 .functor XOR 1, L_0000000002897b70, L_0000000002899330, C4<0>, C4<0>;
L_0000000002899f10 .functor XOR 1, L_0000000002899a40, L_0000000002897cb0, C4<0>, C4<0>;
L_0000000002899ab0 .functor XOR 1, L_0000000002897b70, L_0000000002899330, C4<0>, C4<0>;
L_0000000002899ea0 .functor AND 1, L_0000000002899ab0, L_0000000002897cb0, C4<1>, C4<1>;
L_0000000002899b20 .functor AND 1, L_0000000002897b70, L_0000000002899330, C4<1>, C4<1>;
L_0000000002899f80 .functor OR 1, L_0000000002899ea0, L_0000000002899b20, C4<0>, C4<0>;
v000000000288cfe0_0 .net *"_s11", 0 0, L_0000000002899ea0;  1 drivers
v000000000288dee0_0 .net *"_s13", 0 0, L_0000000002899b20;  1 drivers
v000000000288cea0_0 .net *"_s15", 0 0, L_0000000002899f80;  1 drivers
v000000000288e0c0_0 .net *"_s2", 0 0, L_0000000002899a40;  1 drivers
v000000000288d580_0 .net *"_s4", 0 0, L_0000000002899f10;  1 drivers
v000000000288cf40_0 .net *"_s9", 0 0, L_0000000002899ab0;  1 drivers
v000000000288e2a0_0 .net "cin", 0 0, L_0000000002897cb0;  1 drivers
v000000000288e520_0 .net "i1", 0 0, L_0000000002897b70;  1 drivers
v000000000288c680_0 .net "i2", 0 0, L_0000000002899330;  1 drivers
v000000000288d120_0 .net "o", 1 0, L_0000000002897c10;  alias, 1 drivers
L_0000000002897c10 .concat8 [ 1 1 0 0], L_0000000002899f10, L_0000000002899f80;
S_00000000027f5790 .scope module, "a6" "add2" 3 43, 3 6 0, S_0000000002800260;
 .timescale 0 0;
    .port_info 0 /INPUT 2 "i1";
    .port_info 1 /INPUT 2 "i2";
    .port_info 2 /INPUT 1 "cin";
    .port_info 3 /OUTPUT 3 "o";
L_000000000289d3e0 .functor BUFZ 2, L_0000000002897670, C4<00>, C4<00>, C4<00>;
v000000000288ff90_0 .net *"_s13", 1 0, L_000000000289d3e0;  1 drivers
v000000000288f590_0 .net *"_s18", 0 0, L_0000000002897df0;  1 drivers
L_00000000028b0088 .functor BUFT 1, C4<0>, C4<0>, C4<0>, C4<0>;
v000000000288eaf0_0 .net "cin", 0 0, L_00000000028b0088;  1 drivers
v0000000002890170_0 .net "i1", 1 0, L_0000000002898430;  alias, 1 drivers
v000000000288fe50_0 .net "i2", 1 0, L_0000000002898750;  alias, 1 drivers
v000000000288e690_0 .net "o", 2 0, L_0000000002898570;  alias, 1 drivers
v000000000288e7d0_0 .net "t1", 1 0, L_00000000028984d0;  1 drivers
v0000000002890210_0 .net "t2", 1 0, L_0000000002897670;  1 drivers
L_00000000028993d0 .part L_0000000002898430, 0, 1;
L_0000000002898610 .part L_0000000002898750, 0, 1;
L_0000000002898bb0 .part L_0000000002898430, 1, 1;
L_0000000002897d50 .part L_0000000002898750, 1, 1;
L_0000000002899470 .part L_00000000028984d0, 1, 1;
L_0000000002898570 .concat8 [ 1 2 0 0], L_0000000002897df0, L_000000000289d3e0;
L_0000000002897df0 .part L_00000000028984d0, 0, 1;
S_00000000027c2bc0 .scope module, "f1" "add1" 3 8, 3 1 0, S_00000000027f5790;
 .timescale 0 0;
    .port_info 0 /INPUT 1 "i1";
    .port_info 1 /INPUT 1 "i2";
    .port_info 2 /INPUT 1 "cin";
    .port_info 3 /OUTPUT 2 "o";
L_0000000002899dc0 .functor XOR 1, L_00000000028993d0, L_0000000002898610, C4<0>, C4<0>;
L_0000000002899ff0 .functor XOR 1, L_0000000002899dc0, L_00000000028b0088, C4<0>, C4<0>;
L_000000000289a060 .functor XOR 1, L_00000000028993d0, L_0000000002898610, C4<0>, C4<0>;
L_000000000289a0d0 .functor AND 1, L_000000000289a060, L_00000000028b0088, C4<1>, C4<1>;
L_000000000289a140 .functor AND 1, L_00000000028993d0, L_0000000002898610, C4<1>, C4<1>;
L_000000000289a300 .functor OR 1, L_000000000289a0d0, L_000000000289a140, C4<0>, C4<0>;
v000000000288d620_0 .net *"_s11", 0 0, L_000000000289a0d0;  1 drivers
v000000000288c7c0_0 .net *"_s13", 0 0, L_000000000289a140;  1 drivers
v000000000288d1c0_0 .net *"_s15", 0 0, L_000000000289a300;  1 drivers
v000000000288c9a0_0 .net *"_s2", 0 0, L_0000000002899dc0;  1 drivers
v000000000288d6c0_0 .net *"_s4", 0 0, L_0000000002899ff0;  1 drivers
v000000000288dbc0_0 .net *"_s9", 0 0, L_000000000289a060;  1 drivers
v000000000288d9e0_0 .net "cin", 0 0, L_00000000028b0088;  alias, 1 drivers
v000000000288ca40_0 .net "i1", 0 0, L_00000000028993d0;  1 drivers
v000000000288d760_0 .net "i2", 0 0, L_0000000002898610;  1 drivers
v000000000288d800_0 .net "o", 1 0, L_00000000028984d0;  alias, 1 drivers
L_00000000028984d0 .concat8 [ 1 1 0 0], L_0000000002899ff0, L_000000000289a300;
S_00000000027c2d50 .scope module, "f2" "add1" 3 9, 3 1 0, S_00000000027f5790;
 .timescale 0 0;
    .port_info 0 /INPUT 1 "i1";
    .port_info 1 /INPUT 1 "i2";
    .port_info 2 /INPUT 1 "cin";
    .port_info 3 /OUTPUT 2 "o";
L_000000000289cea0 .functor XOR 1, L_0000000002898bb0, L_0000000002897d50, C4<0>, C4<0>;
L_000000000289d680 .functor XOR 1, L_000000000289cea0, L_0000000002899470, C4<0>, C4<0>;
L_000000000289cb90 .functor XOR 1, L_0000000002898bb0, L_0000000002897d50, C4<0>, C4<0>;
L_000000000289d530 .functor AND 1, L_000000000289cb90, L_0000000002899470, C4<1>, C4<1>;
L_000000000289cce0 .functor AND 1, L_0000000002898bb0, L_0000000002897d50, C4<1>, C4<1>;
L_000000000289d220 .functor OR 1, L_000000000289d530, L_000000000289cce0, C4<0>, C4<0>;
v000000000288d8a0_0 .net *"_s11", 0 0, L_000000000289d530;  1 drivers
v000000000288d940_0 .net *"_s13", 0 0, L_000000000289cce0;  1 drivers
v000000000288da80_0 .net *"_s15", 0 0, L_000000000289d220;  1 drivers
v000000000288dc60_0 .net *"_s2", 0 0, L_000000000289cea0;  1 drivers
v000000000288dd00_0 .net *"_s4", 0 0, L_000000000289d680;  1 drivers
v000000000288f4f0_0 .net *"_s9", 0 0, L_000000000289cb90;  1 drivers
v000000000288fb30_0 .net "cin", 0 0, L_0000000002899470;  1 drivers
v000000000288f090_0 .net "i1", 0 0, L_0000000002898bb0;  1 drivers
v000000000288f8b0_0 .net "i2", 0 0, L_0000000002897d50;  1 drivers
v0000000002890490_0 .net "o", 1 0, L_0000000002897670;  alias, 1 drivers
L_0000000002897670 .concat8 [ 1 1 0 0], L_000000000289d680, L_000000000289d220;
S_0000000002890650 .scope module, "a7" "add2" 3 44, 3 6 0, S_0000000002800260;
 .timescale 0 0;
    .port_info 0 /INPUT 2 "i1";
    .port_info 1 /INPUT 2 "i2";
    .port_info 2 /INPUT 1 "cin";
    .port_info 3 /OUTPUT 3 "o";
L_000000000289c8f0 .functor BUFZ 2, L_0000000002898a70, C4<00>, C4<00>, C4<00>;
v000000000288e9b0_0 .net *"_s13", 1 0, L_000000000289c8f0;  1 drivers
v000000000288ea50_0 .net *"_s18", 0 0, L_0000000002898c50;  1 drivers
v000000000288ed70_0 .net "cin", 0 0, L_0000000002898d90;  1 drivers
v000000000288fdb0_0 .net "i1", 1 0, L_0000000002898070;  alias, 1 drivers
v000000000288ee10_0 .net "i2", 1 0, L_0000000002899290;  alias, 1 drivers
v000000000288eeb0_0 .net "o", 2 0, L_0000000002898b10;  alias, 1 drivers
v000000000288ef50_0 .net "t1", 1 0, L_0000000002897e90;  1 drivers
v000000000288f1d0_0 .net "t2", 1 0, L_0000000002898a70;  1 drivers
L_0000000002897f30 .part L_0000000002898070, 0, 1;
L_00000000028987f0 .part L_0000000002899290, 0, 1;
L_0000000002897fd0 .part L_0000000002898070, 1, 1;
L_0000000002898110 .part L_0000000002899290, 1, 1;
L_0000000002898250 .part L_0000000002897e90, 1, 1;
L_0000000002898b10 .concat8 [ 1 2 0 0], L_0000000002898c50, L_000000000289c8f0;
L_0000000002898c50 .part L_0000000002897e90, 0, 1;
S_00000000028907e0 .scope module, "f1" "add1" 3 8, 3 1 0, S_0000000002890650;
 .timescale 0 0;
    .port_info 0 /INPUT 1 "i1";
    .port_info 1 /INPUT 1 "i2";
    .port_info 2 /INPUT 1 "cin";
    .port_info 3 /OUTPUT 2 "o";
L_000000000289d060 .functor XOR 1, L_0000000002897f30, L_00000000028987f0, C4<0>, C4<0>;
L_000000000289d4c0 .functor XOR 1, L_000000000289d060, L_0000000002898d90, C4<0>, C4<0>;
L_000000000289d610 .functor XOR 1, L_0000000002897f30, L_00000000028987f0, C4<0>, C4<0>;
L_000000000289d450 .functor AND 1, L_000000000289d610, L_0000000002898d90, C4<1>, C4<1>;
L_000000000289cb20 .functor AND 1, L_0000000002897f30, L_00000000028987f0, C4<1>, C4<1>;
L_000000000289d300 .functor OR 1, L_000000000289d450, L_000000000289cb20, C4<0>, C4<0>;
v000000000288f450_0 .net *"_s11", 0 0, L_000000000289d450;  1 drivers
v0000000002890530_0 .net *"_s13", 0 0, L_000000000289cb20;  1 drivers
v000000000288fef0_0 .net *"_s15", 0 0, L_000000000289d300;  1 drivers
v00000000028902b0_0 .net *"_s2", 0 0, L_000000000289d060;  1 drivers
v000000000288f950_0 .net *"_s4", 0 0, L_000000000289d4c0;  1 drivers
v000000000288eb90_0 .net *"_s9", 0 0, L_000000000289d610;  1 drivers
v000000000288f630_0 .net "cin", 0 0, L_0000000002898d90;  alias, 1 drivers
v000000000288f6d0_0 .net "i1", 0 0, L_0000000002897f30;  1 drivers
v00000000028900d0_0 .net "i2", 0 0, L_00000000028987f0;  1 drivers
v000000000288ec30_0 .net "o", 1 0, L_0000000002897e90;  alias, 1 drivers
L_0000000002897e90 .concat8 [ 1 1 0 0], L_000000000289d4c0, L_000000000289d300;
S_0000000002890970 .scope module, "f2" "add1" 3 9, 3 1 0, S_0000000002890650;
 .timescale 0 0;
    .port_info 0 /INPUT 1 "i1";
    .port_info 1 /INPUT 1 "i2";
    .port_info 2 /INPUT 1 "cin";
    .port_info 3 /OUTPUT 2 "o";
L_000000000289cd50 .functor XOR 1, L_0000000002897fd0, L_0000000002898110, C4<0>, C4<0>;
L_000000000289cf10 .functor XOR 1, L_000000000289cd50, L_0000000002898250, C4<0>, C4<0>;
L_000000000289d5a0 .functor XOR 1, L_0000000002897fd0, L_0000000002898110, C4<0>, C4<0>;
L_000000000289d6f0 .functor AND 1, L_000000000289d5a0, L_0000000002898250, C4<1>, C4<1>;
L_000000000289c810 .functor AND 1, L_0000000002897fd0, L_0000000002898110, C4<1>, C4<1>;
L_000000000289c880 .functor OR 1, L_000000000289d6f0, L_000000000289c810, C4<0>, C4<0>;
v000000000288f130_0 .net *"_s11", 0 0, L_000000000289d6f0;  1 drivers
v0000000002890030_0 .net *"_s13", 0 0, L_000000000289c810;  1 drivers
v00000000028903f0_0 .net *"_s15", 0 0, L_000000000289c880;  1 drivers
v0000000002890350_0 .net *"_s2", 0 0, L_000000000289cd50;  1 drivers
v000000000288e730_0 .net *"_s4", 0 0, L_000000000289cf10;  1 drivers
v000000000288ecd0_0 .net *"_s9", 0 0, L_000000000289d5a0;  1 drivers
v000000000288e870_0 .net "cin", 0 0, L_0000000002898250;  1 drivers
v000000000288e910_0 .net "i1", 0 0, L_0000000002897fd0;  1 drivers
v000000000288f9f0_0 .net "i2", 0 0, L_0000000002898110;  1 drivers
v000000000288eff0_0 .net "o", 1 0, L_0000000002898a70;  alias, 1 drivers
L_0000000002898a70 .concat8 [ 1 1 0 0], L_000000000289cf10, L_000000000289c880;
S_0000000002890b00 .scope module, "a8" "add3" 3 48, 3 14 0, S_0000000002800260;
 .timescale 0 0;
    .port_info 0 /INPUT 3 "i1";
    .port_info 1 /INPUT 3 "i2";
    .port_info 2 /OUTPUT 4 "o";
L_00000000028f8fc0 .functor BUFZ 2, L_000000000289ddd0, C4<00>, C4<00>, C4<00>;
v00000000028929a0_0 .net *"_s15", 1 0, L_00000000028f8fc0;  1 drivers
v0000000002892040_0 .net *"_s20", 1 0, L_000000000289f310;  1 drivers
v0000000002892a40_0 .net "i1", 2 0, L_0000000002898570;  alias, 1 drivers
v0000000002892ae0_0 .net "i2", 2 0, L_0000000002898b10;  alias, 1 drivers
v0000000002891c80_0 .net "o", 3 0, L_000000000289f810;  alias, 1 drivers
v0000000002892860_0 .net "t1", 2 0, L_000000000289d8d0;  1 drivers
v00000000028920e0_0 .net "t2", 1 0, L_000000000289ddd0;  1 drivers
L_000000000289f1d0 .part L_0000000002898570, 0, 2;
L_000000000289df10 .part L_0000000002898b10, 0, 2;
L_000000000289e550 .part L_0000000002898570, 2, 1;
L_000000000289f270 .part L_0000000002898b10, 2, 1;
L_000000000289e7d0 .part L_000000000289d8d0, 2, 1;
L_000000000289f810 .concat8 [ 2 2 0 0], L_000000000289f310, L_00000000028f8fc0;
L_000000000289f310 .part L_000000000289d8d0, 0, 2;
S_0000000002890c90 .scope module, "f21" "add2" 3 17, 3 6 0, S_0000000002890b00;
 .timescale 0 0;
    .port_info 0 /INPUT 2 "i1";
    .port_info 1 /INPUT 2 "i2";
    .port_info 2 /INPUT 1 "cin";
    .port_info 3 /OUTPUT 3 "o";
L_000000000289d140 .functor BUFZ 2, L_000000000289ef50, C4<00>, C4<00>, C4<00>;
v0000000002891b40_0 .net *"_s13", 1 0, L_000000000289d140;  1 drivers
v00000000028910a0_0 .net *"_s18", 0 0, L_000000000289f770;  1 drivers
L_00000000028b00d0 .functor BUFT 1, C4<0>, C4<0>, C4<0>, C4<0>;
v0000000002892360_0 .net "cin", 0 0, L_00000000028b00d0;  1 drivers
v0000000002891dc0_0 .net "i1", 1 0, L_000000000289f1d0;  1 drivers
v0000000002892400_0 .net "i2", 1 0, L_000000000289df10;  1 drivers
v0000000002892c20_0 .net "o", 2 0, L_000000000289d8d0;  alias, 1 drivers
v00000000028916e0_0 .net "t1", 1 0, L_000000000289d830;  1 drivers
v00000000028915a0_0 .net "t2", 1 0, L_000000000289ef50;  1 drivers
L_000000000289dab0 .part L_000000000289f1d0, 0, 1;
L_000000000289dbf0 .part L_000000000289df10, 0, 1;
L_000000000289f590 .part L_000000000289f1d0, 1, 1;
L_000000000289fa90 .part L_000000000289df10, 1, 1;
L_000000000289e9b0 .part L_000000000289d830, 1, 1;
L_000000000289d8d0 .concat8 [ 1 2 0 0], L_000000000289f770, L_000000000289d140;
L_000000000289f770 .part L_000000000289d830, 0, 1;
S_0000000002890e20 .scope module, "f1" "add1" 3 8, 3 1 0, S_0000000002890c90;
 .timescale 0 0;
    .port_info 0 /INPUT 1 "i1";
    .port_info 1 /INPUT 1 "i2";
    .port_info 2 /INPUT 1 "cin";
    .port_info 3 /OUTPUT 2 "o";
L_000000000289cdc0 .functor XOR 1, L_000000000289dab0, L_000000000289dbf0, C4<0>, C4<0>;
L_000000000289c960 .functor XOR 1, L_000000000289cdc0, L_00000000028b00d0, C4<0>, C4<0>;
L_000000000289cc00 .functor XOR 1, L_000000000289dab0, L_000000000289dbf0, C4<0>, C4<0>;
L_000000000289d370 .functor AND 1, L_000000000289cc00, L_00000000028b00d0, C4<1>, C4<1>;
L_000000000289cf80 .functor AND 1, L_000000000289dab0, L_000000000289dbf0, C4<1>, C4<1>;
L_000000000289c9d0 .functor OR 1, L_000000000289d370, L_000000000289cf80, C4<0>, C4<0>;
v000000000288f270_0 .net *"_s11", 0 0, L_000000000289d370;  1 drivers
v000000000288f310_0 .net *"_s13", 0 0, L_000000000289cf80;  1 drivers
v000000000288f3b0_0 .net *"_s15", 0 0, L_000000000289c9d0;  1 drivers
v000000000288f770_0 .net *"_s2", 0 0, L_000000000289cdc0;  1 drivers
v000000000288f810_0 .net *"_s4", 0 0, L_000000000289c960;  1 drivers
v000000000288fa90_0 .net *"_s9", 0 0, L_000000000289cc00;  1 drivers
v000000000288fbd0_0 .net "cin", 0 0, L_00000000028b00d0;  alias, 1 drivers
v000000000288fc70_0 .net "i1", 0 0, L_000000000289dab0;  1 drivers
v000000000288fd10_0 .net "i2", 0 0, L_000000000289dbf0;  1 drivers
v0000000002891d20_0 .net "o", 1 0, L_000000000289d830;  alias, 1 drivers
L_000000000289d830 .concat8 [ 1 1 0 0], L_000000000289c960, L_000000000289c9d0;
S_0000000002892fc0 .scope module, "f2" "add1" 3 9, 3 1 0, S_0000000002890c90;
 .timescale 0 0;
    .port_info 0 /INPUT 1 "i1";
    .port_info 1 /INPUT 1 "i2";
    .port_info 2 /INPUT 1 "cin";
    .port_info 3 /OUTPUT 2 "o";
L_000000000289cc70 .functor XOR 1, L_000000000289f590, L_000000000289fa90, C4<0>, C4<0>;
L_000000000289ca40 .functor XOR 1, L_000000000289cc70, L_000000000289e9b0, C4<0>, C4<0>;
L_000000000289cab0 .functor XOR 1, L_000000000289f590, L_000000000289fa90, C4<0>, C4<0>;
L_000000000289ce30 .functor AND 1, L_000000000289cab0, L_000000000289e9b0, C4<1>, C4<1>;
L_000000000289cff0 .functor AND 1, L_000000000289f590, L_000000000289fa90, C4<1>, C4<1>;
L_000000000289d0d0 .functor OR 1, L_000000000289ce30, L_000000000289cff0, C4<0>, C4<0>;
v00000000028924a0_0 .net *"_s11", 0 0, L_000000000289ce30;  1 drivers
v0000000002891fa0_0 .net *"_s13", 0 0, L_000000000289cff0;  1 drivers
v0000000002891320_0 .net *"_s15", 0 0, L_000000000289d0d0;  1 drivers
v0000000002892e00_0 .net *"_s2", 0 0, L_000000000289cc70;  1 drivers
v0000000002891aa0_0 .net *"_s4", 0 0, L_000000000289ca40;  1 drivers
v0000000002891960_0 .net *"_s9", 0 0, L_000000000289cab0;  1 drivers
v00000000028913c0_0 .net "cin", 0 0, L_000000000289e9b0;  1 drivers
v0000000002891e60_0 .net "i1", 0 0, L_000000000289f590;  1 drivers
v0000000002892d60_0 .net "i2", 0 0, L_000000000289fa90;  1 drivers
v0000000002891640_0 .net "o", 1 0, L_000000000289ef50;  alias, 1 drivers
L_000000000289ef50 .concat8 [ 1 1 0 0], L_000000000289ca40, L_000000000289d0d0;
S_00000000028934c0 .scope module, "f22" "add1" 3 18, 3 1 0, S_0000000002890b00;
 .timescale 0 0;
    .port_info 0 /INPUT 1 "i1";
    .port_info 1 /INPUT 1 "i2";
    .port_info 2 /INPUT 1 "cin";
    .port_info 3 /OUTPUT 2 "o";
L_000000000289d1b0 .functor XOR 1, L_000000000289e550, L_000000000289f270, C4<0>, C4<0>;
L_000000000289d290 .functor XOR 1, L_000000000289d1b0, L_000000000289e7d0, C4<0>, C4<0>;
L_00000000028f8ee0 .functor XOR 1, L_000000000289e550, L_000000000289f270, C4<0>, C4<0>;
L_00000000028f8cb0 .functor AND 1, L_00000000028f8ee0, L_000000000289e7d0, C4<1>, C4<1>;
L_00000000028f8e70 .functor AND 1, L_000000000289e550, L_000000000289f270, C4<1>, C4<1>;
L_00000000028f8f50 .functor OR 1, L_00000000028f8cb0, L_00000000028f8e70, C4<0>, C4<0>;
v0000000002891a00_0 .net *"_s11", 0 0, L_00000000028f8cb0;  1 drivers
v0000000002892540_0 .net *"_s13", 0 0, L_00000000028f8e70;  1 drivers
v0000000002891f00_0 .net *"_s15", 0 0, L_00000000028f8f50;  1 drivers
v0000000002892cc0_0 .net *"_s2", 0 0, L_000000000289d1b0;  1 drivers
v0000000002892b80_0 .net *"_s4", 0 0, L_000000000289d290;  1 drivers
v0000000002892ea0_0 .net *"_s9", 0 0, L_00000000028f8ee0;  1 drivers
v0000000002891820_0 .net "cin", 0 0, L_000000000289e7d0;  1 drivers
v00000000028925e0_0 .net "i1", 0 0, L_000000000289e550;  1 drivers
v0000000002891be0_0 .net "i2", 0 0, L_000000000289f270;  1 drivers
v0000000002892900_0 .net "o", 1 0, L_000000000289ddd0;  alias, 1 drivers
L_000000000289ddd0 .concat8 [ 1 1 0 0], L_000000000289d290, L_00000000028f8f50;
S_0000000002893b00 .scope module, "a9" "add4" 3 49, 3 23 0, S_0000000002800260;
 .timescale 0 0;
    .port_info 0 /INPUT 4 "i1";
    .port_info 1 /INPUT 2 "i2";
    .port_info 2 /OUTPUT 5 "o";
L_00000000028f8b60 .functor BUFZ 3, L_000000000289d970, C4<000>, C4<000>, C4<000>;
v0000000002895150_0 .net *"_s13", 2 0, L_00000000028f8b60;  1 drivers
v0000000002895290_0 .net *"_s18", 1 0, L_000000000289da10;  1 drivers
v00000000028953d0_0 .net "i1", 3 0, L_000000000289f810;  alias, 1 drivers
v0000000002895470_0 .net "i2", 1 0, L_0000000002897c10;  alias, 1 drivers
v0000000002895510_0 .net "o", 4 0, L_000000000289dfb0;  alias, 1 drivers
v00000000028955b0_0 .net "t1", 2 0, L_000000000289fb30;  1 drivers
v0000000002895650_0 .net "t2", 2 0, L_000000000289d970;  1 drivers
L_000000000289de70 .part L_000000000289f810, 0, 2;
L_000000000289f3b0 .part L_000000000289f810, 2, 2;
L_000000000289eb90 .part L_000000000289fb30, 2, 1;
L_000000000289dfb0 .concat8 [ 2 3 0 0], L_000000000289da10, L_00000000028f8b60;
L_000000000289da10 .part L_000000000289fb30, 0, 2;
S_0000000002893970 .scope module, "f31" "add2" 3 25, 3 6 0, S_0000000002893b00;
 .timescale 0 0;
    .port_info 0 /INPUT 2 "i1";
    .port_info 1 /INPUT 2 "i2";
    .port_info 2 /INPUT 1 "cin";
    .port_info 3 /OUTPUT 3 "o";
L_00000000028f89a0 .functor BUFZ 2, L_000000000289f130, C4<00>, C4<00>, C4<00>;
v0000000002894bb0_0 .net *"_s13", 1 0, L_00000000028f89a0;  1 drivers
v0000000002895ab0_0 .net *"_s18", 0 0, L_000000000289f630;  1 drivers
L_00000000028b0118 .functor BUFT 1, C4<0>, C4<0>, C4<0>, C4<0>;
v0000000002895e70_0 .net "cin", 0 0, L_00000000028b0118;  1 drivers
v0000000002894d90_0 .net "i1", 1 0, L_000000000289de70;  1 drivers
v00000000028944d0_0 .net "i2", 1 0, L_0000000002897c10;  alias, 1 drivers
v0000000002894890_0 .net "o", 2 0, L_000000000289fb30;  alias, 1 drivers
v0000000002894430_0 .net "t1", 1 0, L_000000000289ea50;  1 drivers
v0000000002895c90_0 .net "t2", 1 0, L_000000000289f130;  1 drivers
L_000000000289dd30 .part L_000000000289de70, 0, 1;
L_000000000289ff90 .part L_0000000002897c10, 0, 1;
L_000000000289eaf0 .part L_000000000289de70, 1, 1;
L_000000000289e2d0 .part L_0000000002897c10, 1, 1;
L_000000000289f4f0 .part L_000000000289ea50, 1, 1;
L_000000000289fb30 .concat8 [ 1 2 0 0], L_000000000289f630, L_00000000028f89a0;
L_000000000289f630 .part L_000000000289ea50, 0, 1;
S_0000000002893c90 .scope module, "f1" "add1" 3 8, 3 1 0, S_0000000002893970;
 .timescale 0 0;
    .port_info 0 /INPUT 1 "i1";
    .port_info 1 /INPUT 1 "i2";
    .port_info 2 /INPUT 1 "cin";
    .port_info 3 /OUTPUT 2 "o";
L_00000000028f84d0 .functor XOR 1, L_000000000289dd30, L_000000000289ff90, C4<0>, C4<0>;
L_00000000028f87e0 .functor XOR 1, L_00000000028f84d0, L_00000000028b0118, C4<0>, C4<0>;
L_00000000028f8d90 .functor XOR 1, L_000000000289dd30, L_000000000289ff90, C4<0>, C4<0>;
L_00000000028f8930 .functor AND 1, L_00000000028f8d90, L_00000000028b0118, C4<1>, C4<1>;
L_00000000028f88c0 .functor AND 1, L_000000000289dd30, L_000000000289ff90, C4<1>, C4<1>;
L_00000000028f8a80 .functor OR 1, L_00000000028f8930, L_00000000028f88c0, C4<0>, C4<0>;
v0000000002892180_0 .net *"_s11", 0 0, L_00000000028f8930;  1 drivers
v0000000002891780_0 .net *"_s13", 0 0, L_00000000028f88c0;  1 drivers
v0000000002891000_0 .net *"_s15", 0 0, L_00000000028f8a80;  1 drivers
v0000000002891140_0 .net *"_s2", 0 0, L_00000000028f84d0;  1 drivers
v0000000002892220_0 .net *"_s4", 0 0, L_00000000028f87e0;  1 drivers
v00000000028911e0_0 .net *"_s9", 0 0, L_00000000028f8d90;  1 drivers
v0000000002891280_0 .net "cin", 0 0, L_00000000028b0118;  alias, 1 drivers
v00000000028927c0_0 .net "i1", 0 0, L_000000000289dd30;  1 drivers
v00000000028922c0_0 .net "i2", 0 0, L_000000000289ff90;  1 drivers
v0000000002891460_0 .net "o", 1 0, L_000000000289ea50;  alias, 1 drivers
L_000000000289ea50 .concat8 [ 1 1 0 0], L_00000000028f87e0, L_00000000028f8a80;
S_00000000028937e0 .scope module, "f2" "add1" 3 9, 3 1 0, S_0000000002893970;
 .timescale 0 0;
    .port_info 0 /INPUT 1 "i1";
    .port_info 1 /INPUT 1 "i2";
    .port_info 2 /INPUT 1 "cin";
    .port_info 3 /OUTPUT 2 "o";
L_00000000028f80e0 .functor XOR 1, L_000000000289eaf0, L_000000000289e2d0, C4<0>, C4<0>;
L_00000000028f8230 .functor XOR 1, L_00000000028f80e0, L_000000000289f4f0, C4<0>, C4<0>;
L_00000000028f85b0 .functor XOR 1, L_000000000289eaf0, L_000000000289e2d0, C4<0>, C4<0>;
L_00000000028f8690 .functor AND 1, L_00000000028f85b0, L_000000000289f4f0, C4<1>, C4<1>;
L_00000000028f81c0 .functor AND 1, L_000000000289eaf0, L_000000000289e2d0, C4<1>, C4<1>;
L_00000000028f8e00 .functor OR 1, L_00000000028f8690, L_00000000028f81c0, C4<0>, C4<0>;
v00000000028918c0_0 .net *"_s11", 0 0, L_00000000028f8690;  1 drivers
v0000000002891500_0 .net *"_s13", 0 0, L_00000000028f81c0;  1 drivers
v0000000002892680_0 .net *"_s15", 0 0, L_00000000028f8e00;  1 drivers
v0000000002892720_0 .net *"_s2", 0 0, L_00000000028f80e0;  1 drivers
v00000000028946b0_0 .net *"_s4", 0 0, L_00000000028f8230;  1 drivers
v0000000002894390_0 .net *"_s9", 0 0, L_00000000028f85b0;  1 drivers
v0000000002895b50_0 .net "cin", 0 0, L_000000000289f4f0;  1 drivers
v0000000002895dd0_0 .net "i1", 0 0, L_000000000289eaf0;  1 drivers
v0000000002894610_0 .net "i2", 0 0, L_000000000289e2d0;  1 drivers
v0000000002895bf0_0 .net "o", 1 0, L_000000000289f130;  alias, 1 drivers
L_000000000289f130 .concat8 [ 1 1 0 0], L_00000000028f8230, L_00000000028f8e00;
S_0000000002893e20 .scope module, "f32" "add2" 3 26, 3 6 0, S_0000000002893b00;
 .timescale 0 0;
    .port_info 0 /INPUT 2 "i1";
    .port_info 1 /INPUT 2 "i2";
    .port_info 2 /INPUT 1 "cin";
    .port_info 3 /OUTPUT 3 "o";
L_00000000028f8770 .functor BUFZ 2, L_000000000289fe50, C4<00>, C4<00>, C4<00>;
v00000000028942f0_0 .net *"_s13", 1 0, L_00000000028f8770;  1 drivers
v0000000002894ed0_0 .net *"_s18", 0 0, L_000000000289ec30;  1 drivers
v00000000028950b0_0 .net "cin", 0 0, L_000000000289eb90;  1 drivers
v0000000002894a70_0 .net "i1", 1 0, L_000000000289f3b0;  1 drivers
L_00000000028b0160 .functor BUFT 1, C4<00>, C4<0>, C4<0>, C4<0>;
v00000000028947f0_0 .net "i2", 1 0, L_00000000028b0160;  1 drivers
v0000000002894b10_0 .net "o", 2 0, L_000000000289d970;  alias, 1 drivers
v0000000002895010_0 .net "t1", 1 0, L_000000000289e410;  1 drivers
v0000000002895a10_0 .net "t2", 1 0, L_000000000289fe50;  1 drivers
L_000000000289e730 .part L_000000000289f3b0, 0, 1;
L_000000000289fbd0 .part L_00000000028b0160, 0, 1;
L_000000000289e190 .part L_000000000289f3b0, 1, 1;
L_000000000289f8b0 .part L_00000000028b0160, 1, 1;
L_000000000289fef0 .part L_000000000289e410, 1, 1;
L_000000000289d970 .concat8 [ 1 2 0 0], L_000000000289ec30, L_00000000028f8770;
L_000000000289ec30 .part L_000000000289e410, 0, 1;
S_0000000002893fb0 .scope module, "f1" "add1" 3 8, 3 1 0, S_0000000002893e20;
 .timescale 0 0;
    .port_info 0 /INPUT 1 "i1";
    .port_info 1 /INPUT 1 "i2";
    .port_info 2 /INPUT 1 "cin";
    .port_info 3 /OUTPUT 2 "o";
L_00000000028f8850 .functor XOR 1, L_000000000289e730, L_000000000289fbd0, C4<0>, C4<0>;
L_00000000028f8150 .functor XOR 1, L_00000000028f8850, L_000000000289eb90, C4<0>, C4<0>;
L_00000000028f8540 .functor XOR 1, L_000000000289e730, L_000000000289fbd0, C4<0>, C4<0>;
L_00000000028f82a0 .functor AND 1, L_00000000028f8540, L_000000000289eb90, C4<1>, C4<1>;
L_00000000028f8620 .functor AND 1, L_000000000289e730, L_000000000289fbd0, C4<1>, C4<1>;
L_00000000028f8d20 .functor OR 1, L_00000000028f82a0, L_00000000028f8620, C4<0>, C4<0>;
v0000000002894e30_0 .net *"_s11", 0 0, L_00000000028f82a0;  1 drivers
v0000000002895330_0 .net *"_s13", 0 0, L_00000000028f8620;  1 drivers
v0000000002894570_0 .net *"_s15", 0 0, L_00000000028f8d20;  1 drivers
v0000000002895830_0 .net *"_s2", 0 0, L_00000000028f8850;  1 drivers
v0000000002894c50_0 .net *"_s4", 0 0, L_00000000028f8150;  1 drivers
v0000000002895970_0 .net *"_s9", 0 0, L_00000000028f8540;  1 drivers
v0000000002895d30_0 .net "cin", 0 0, L_000000000289eb90;  alias, 1 drivers
v0000000002895f10_0 .net "i1", 0 0, L_000000000289e730;  1 drivers
v0000000002895fb0_0 .net "i2", 0 0, L_000000000289fbd0;  1 drivers
v0000000002894930_0 .net "o", 1 0, L_000000000289e410;  alias, 1 drivers
L_000000000289e410 .concat8 [ 1 1 0 0], L_00000000028f8150, L_00000000028f8d20;
S_00000000028931a0 .scope module, "f2" "add1" 3 9, 3 1 0, S_0000000002893e20;
 .timescale 0 0;
    .port_info 0 /INPUT 1 "i1";
    .port_info 1 /INPUT 1 "i2";
    .port_info 2 /INPUT 1 "cin";
    .port_info 3 /OUTPUT 2 "o";
L_00000000028f8310 .functor XOR 1, L_000000000289e190, L_000000000289f8b0, C4<0>, C4<0>;
L_00000000028f8380 .functor XOR 1, L_00000000028f8310, L_000000000289fef0, C4<0>, C4<0>;
L_00000000028f8460 .functor XOR 1, L_000000000289e190, L_000000000289f8b0, C4<0>, C4<0>;
L_00000000028f83f0 .functor AND 1, L_00000000028f8460, L_000000000289fef0, C4<1>, C4<1>;
L_00000000028f8a10 .functor AND 1, L_000000000289e190, L_000000000289f8b0, C4<1>, C4<1>;
L_00000000028f8700 .functor OR 1, L_00000000028f83f0, L_00000000028f8a10, C4<0>, C4<0>;
v0000000002894750_0 .net *"_s11", 0 0, L_00000000028f83f0;  1 drivers
v0000000002894250_0 .net *"_s13", 0 0, L_00000000028f8a10;  1 drivers
v0000000002894cf0_0 .net *"_s15", 0 0, L_00000000028f8700;  1 drivers
v0000000002896050_0 .net *"_s2", 0 0, L_00000000028f8310;  1 drivers
v00000000028951f0_0 .net *"_s4", 0 0, L_00000000028f8380;  1 drivers
v00000000028949d0_0 .net *"_s9", 0 0, L_00000000028f8460;  1 drivers
v0000000002895790_0 .net "cin", 0 0, L_000000000289fef0;  1 drivers
v0000000002894f70_0 .net "i1", 0 0, L_000000000289e190;  1 drivers
v00000000028958d0_0 .net "i2", 0 0, L_000000000289f8b0;  1 drivers
v00000000028941b0_0 .net "o", 1 0, L_000000000289fe50;  alias, 1 drivers
L_000000000289fe50 .concat8 [ 1 1 0 0], L_00000000028f8380, L_00000000028f8700;
    .scope S_00000000028000d0;
T_0 ;
    %vpi_call 2 9 "$dumpfile", "output.vcd" {0 0 0};
    %vpi_call 2 9 "$dumpvars", 32'sb00000000000000000000000000000000, S_00000000028000d0 {0 0 0};
    %end;
    .thread T_0;
    .scope S_00000000028000d0;
T_1 ;
    %pushi/vec4 65535, 0, 16;
    %store/vec4 v00000000028975d0_0, 0, 16;
    %delay 100, 0;
    %pushi/vec4 62831, 0, 16;
    %store/vec4 v00000000028975d0_0, 0, 16;
    %delay 100, 0;
    %pushi/vec4 16383, 0, 16;
    %store/vec4 v00000000028975d0_0, 0, 16;
    %delay 100, 0;
    %pushi/vec4 1, 0, 16;
    %store/vec4 v00000000028975d0_0, 0, 16;
    %delay 100, 0;
    %pushi/vec4 61711, 0, 16;
    %store/vec4 v00000000028975d0_0, 0, 16;
    %delay 100, 0;
    %pushi/vec4 30754, 0, 16;
    %store/vec4 v00000000028975d0_0, 0, 16;
    %delay 100, 0;
    %pushi/vec4 31420, 0, 16;
    %store/vec4 v00000000028975d0_0, 0, 16;
    %delay 100, 0;
    %end;
    .thread T_1;
# The file index is used to find the file name in the following table.
:file_names 4;
    "N/A";
    "<interactive>";
    "module_tb.v";
    "module.v";
